2025-04-01 11:53:26.582  INFO 18272 --- [restartedMain] cn.zwz.ZwzApplication                    : Starting ZwzApplication using Java 1.8.0_231 on qiuqiu with PID 18272 (D:\graduateSys\registration\back\target\classes started by 86166 in D:\graduateSys\registration\back)
2025-04-01 11:53:26.588  INFO 18272 --- [restartedMain] cn.zwz.ZwzApplication                    : No active profile set, falling back to 1 default profile: "default"
2025-04-01 11:53:26.638  INFO 18272 --- [restartedMain] .e.DevToolsPropertyDefaultsPostProcessor : Devtools property defaults active! Set 'spring.devtools.add-properties' to 'false' to disable
2025-04-01 11:53:26.638  INFO 18272 --- [restartedMain] .e.DevToolsPropertyDefaultsPostProcessor : For additional web related logging consider setting the 'logging.level.web' property to 'DEBUG'
2025-04-01 11:53:27.499  INFO 18272 --- [restartedMain] .s.d.r.c.RepositoryConfigurationDelegate : Multiple Spring Data modules found, entering strict repository configuration mode
2025-04-01 11:53:27.500  INFO 18272 --- [restartedMain] .s.d.r.c.RepositoryConfigurationDelegate : Bootstrapping Spring Data JPA repositories in DEFAULT mode.
2025-04-01 11:53:27.589  INFO 18272 --- [restartedMain] .s.d.r.c.RepositoryConfigurationDelegate : Finished Spring Data repository scanning in 83 ms. Found 1 JPA repository interfaces.
2025-04-01 11:53:27.597  INFO 18272 --- [restartedMain] .s.d.r.c.RepositoryConfigurationDelegate : Multiple Spring Data modules found, entering strict repository configuration mode
2025-04-01 11:53:27.598  INFO 18272 --- [restartedMain] .s.d.r.c.RepositoryConfigurationDelegate : Bootstrapping Spring Data Redis repositories in DEFAULT mode.
2025-04-01 11:53:27.626  INFO 18272 --- [restartedMain] .RepositoryConfigurationExtensionSupport : Spring Data Redis - Could not safely identify store assignment for repository candidate interface cn.zwz.data.dao.LogDao; If you want this repository to be a Redis repository, consider annotating your entities with one of these annotations: org.springframework.data.redis.core.RedisHash (preferred), or consider extending one of the following types with your repository: org.springframework.data.keyvalue.repository.KeyValueRepository
2025-04-01 11:53:27.626  INFO 18272 --- [restartedMain] .s.d.r.c.RepositoryConfigurationDelegate : Finished Spring Data repository scanning in 21 ms. Found 0 Redis repository interfaces.
2025-04-01 11:53:27.735  INFO 18272 --- [restartedMain] faultConfiguringBeanFactoryPostProcessor : No bean named 'errorChannel' has been explicitly defined. Therefore, a default PublishSubscribeChannel will be created.
2025-04-01 11:53:27.743  INFO 18272 --- [restartedMain] faultConfiguringBeanFactoryPostProcessor : No bean named 'integrationHeaderChannelRegistry' has been explicitly defined. Therefore, a default DefaultHeaderChannelRegistry will be created.
2025-04-01 11:53:27.873  INFO 18272 --- [restartedMain] ptablePropertiesBeanFactoryPostProcessor : Post-processing PropertySource instances
2025-04-01 11:53:27.874  INFO 18272 --- [restartedMain] c.u.j.EncryptablePropertySourceConverter : Skipping PropertySource configurationProperties [class org.springframework.boot.context.properties.source.ConfigurationPropertySourcesPropertySource
2025-04-01 11:53:27.875  INFO 18272 --- [restartedMain] c.u.j.EncryptablePropertySourceConverter : Skipping PropertySource servletConfigInitParams [class org.springframework.core.env.PropertySource$StubPropertySource
2025-04-01 11:53:27.875  INFO 18272 --- [restartedMain] c.u.j.EncryptablePropertySourceConverter : Skipping PropertySource servletContextInitParams [class org.springframework.core.env.PropertySource$StubPropertySource
2025-04-01 11:53:27.876  INFO 18272 --- [restartedMain] c.u.j.EncryptablePropertySourceConverter : Converting PropertySource systemProperties [org.springframework.core.env.PropertiesPropertySource] to EncryptableMapPropertySourceWrapper
2025-04-01 11:53:27.876  INFO 18272 --- [restartedMain] c.u.j.EncryptablePropertySourceConverter : Converting PropertySource systemEnvironment [org.springframework.boot.env.SystemEnvironmentPropertySourceEnvironmentPostProcessor$OriginAwareSystemEnvironmentPropertySource] to EncryptableSystemEnvironmentPropertySourceWrapper
2025-04-01 11:53:27.876  INFO 18272 --- [restartedMain] c.u.j.EncryptablePropertySourceConverter : Converting PropertySource random [org.springframework.boot.env.RandomValuePropertySource] to EncryptablePropertySourceWrapper
2025-04-01 11:53:27.877  INFO 18272 --- [restartedMain] c.u.j.EncryptablePropertySourceConverter : Converting PropertySource Config resource 'class path resource [application.yml]' via location 'optional:classpath:/' [org.springframework.boot.env.OriginTrackedMapPropertySource] to EncryptableMapPropertySourceWrapper
2025-04-01 11:53:27.877  INFO 18272 --- [restartedMain] c.u.j.EncryptablePropertySourceConverter : Converting PropertySource devtools [org.springframework.core.env.MapPropertySource] to EncryptableMapPropertySourceWrapper
2025-04-01 11:53:28.023  INFO 18272 --- [restartedMain] trationDelegate$BeanPostProcessorChecker : Bean 'redisExceptionThrowsConfig' of type [cn.zwz.basics.redis.RedisExceptionThrowsConfig$$EnhancerBySpringCGLIB$$b7f97b2e] is not eligible for getting processed by all BeanPostProcessors (for example: not eligible for auto-proxying)
2025-04-01 11:53:28.062  INFO 18272 --- [restartedMain] trationDelegate$BeanPostProcessorChecker : Bean 'org.springframework.integration.config.IntegrationManagementConfiguration' of type [org.springframework.integration.config.IntegrationManagementConfiguration] is not eligible for getting processed by all BeanPostProcessors (for example: not eligible for auto-proxying)
2025-04-01 11:53:28.068  INFO 18272 --- [restartedMain] trationDelegate$BeanPostProcessorChecker : Bean 'integrationChannelResolver' of type [org.springframework.integration.support.channel.BeanFactoryChannelResolver] is not eligible for getting processed by all BeanPostProcessors (for example: not eligible for auto-proxying)
2025-04-01 11:53:28.141  INFO 18272 --- [restartedMain] c.u.j.filter.DefaultLazyPropertyFilter   : Property Filter custom Bean not found with name 'encryptablePropertyFilter'. Initializing Default Property Filter
2025-04-01 11:53:28.148  INFO 18272 --- [restartedMain] c.u.j.r.DefaultLazyPropertyResolver      : Property Resolver custom Bean not found with name 'encryptablePropertyResolver'. Initializing Default Property Resolver
2025-04-01 11:53:28.149  INFO 18272 --- [restartedMain] c.u.j.d.DefaultLazyPropertyDetector      : Property Detector custom Bean not found with name 'encryptablePropertyDetector'. Initializing Default Property Detector
2025-04-01 11:53:28.771  INFO 18272 --- [restartedMain] o.s.b.w.embedded.tomcat.TomcatWebServer  : Tomcat initialized with port(s): 8081 (http)
2025-04-01 11:53:28.778  INFO 18272 --- [restartedMain] o.apache.catalina.core.StandardService   : Starting service [Tomcat]
2025-04-01 11:53:28.779  INFO 18272 --- [restartedMain] org.apache.catalina.core.StandardEngine  : Starting Servlet engine: [Apache Tomcat/9.0.65]
2025-04-01 11:53:28.862  INFO 18272 --- [restartedMain] o.a.c.c.C.[Tomcat].[localhost].[/]       : Initializing Spring embedded WebApplicationContext
2025-04-01 11:53:28.862  INFO 18272 --- [restartedMain] w.s.c.ServletWebServerApplicationContext : Root WebApplicationContext: initialization completed in 2223 ms
2025-04-01 11:53:28.930  INFO 18272 --- [restartedMain] c.a.d.s.b.a.DruidDataSourceAutoConfigure : Init DruidDataSource
2025-04-01 11:53:29.043  INFO 18272 --- [restartedMain] com.alibaba.druid.pool.DruidDataSource   : {dataSource-1} inited
2025-04-01 11:53:29.400  INFO 18272 --- [restartedMain] org.redisson.Version                     : Redisson 3.17.6
2025-04-01 11:53:30.549  INFO 18272 --- [redisson-netty-2-6] o.r.c.pool.MasterPubSubConnectionPool    : 1 connections initialized for 127.0.0.1/127.0.0.1:6379
2025-04-01 11:53:30.583  INFO 18272 --- [redisson-netty-2-19] o.r.c.pool.MasterConnectionPool          : 24 connections initialized for 127.0.0.1/127.0.0.1:6379
2025-04-01 11:53:31.596  INFO 18272 --- [restartedMain] c.z.basics.baseClass.BeansConfiguration  : 初始化PathMatcher成功
2025-04-01 11:53:31.600  WARN 18272 --- [restartedMain] c.z.b.s.p.MyFilterSecurityInterceptor    : Could not validate configuration attributes as the SecurityMetadataSource did not return any attributes from getAllConfigAttributes()
2025-04-01 11:53:31.729  INFO 18272 --- [restartedMain] o.hibernate.jpa.internal.util.LogHelper  : HHH000204: Processing PersistenceUnitInfo [name: default]
2025-04-01 11:53:31.762  INFO 18272 --- [restartedMain] org.hibernate.Version                    : HHH000412: Hibernate ORM core version 5.6.10.Final
2025-04-01 11:53:31.858  INFO 18272 --- [restartedMain] o.hibernate.annotations.common.Version   : HCANN000001: Hibernate Commons Annotations {5.1.2.Final}
2025-04-01 11:53:32.169  INFO 18272 --- [restartedMain] org.hibernate.dialect.Dialect            : HHH000400: Using dialect: org.hibernate.dialect.MySQL8Dialect
2025-04-01 11:53:32.772  INFO 18272 --- [restartedMain] o.h.e.t.j.p.i.JtaPlatformInitiator       : HHH000490: Using JtaPlatform implementation: [org.hibernate.engine.transaction.jta.platform.internal.NoJtaPlatform]
2025-04-01 11:53:32.780  INFO 18272 --- [restartedMain] j.LocalContainerEntityManagerFactoryBean : Initialized JPA EntityManagerFactory for persistence unit 'default'
2025-04-01 11:53:33.139  WARN 18272 --- [restartedMain] JpaBaseConfiguration$JpaWebConfiguration : spring.jpa.open-in-view is enabled by default. Therefore, database queries may be performed during view rendering. Explicitly configure spring.jpa.open-in-view to disable this warning
2025-04-01 11:53:33.729  INFO 18272 --- [restartedMain] c.z.basics.baseClass.BeansConfiguration  : 初始化线程池成功
2025-04-01 11:53:33.956  INFO 18272 --- [restartedMain] c.z.basics.redis.InterceptConfiguration  : 拦截器加载成功
2025-04-01 11:53:34.505  INFO 18272 --- [restartedMain] o.s.b.a.e.web.EndpointLinksResolver      : Exposing 1 endpoint(s) beneath base path '/actuator'
2025-04-01 11:53:34.529  INFO 18272 --- [restartedMain] o.s.s.web.DefaultSecurityFilterChain     : Will secure any request with [org.springframework.security.web.session.DisableEncodeUrlFilter@6ff55642, org.springframework.security.web.context.request.async.WebAsyncManagerIntegrationFilter@59105bf7, org.springframework.security.web.context.SecurityContextPersistenceFilter@103932fd, org.springframework.security.web.header.HeaderWriterFilter@2330dfd3, org.springframework.web.filter.CorsFilter@3c5396d5, org.springframework.security.web.authentication.logout.LogoutFilter@4a54eb9a, cn.zwz.basics.security.validate.ImageValidateFilter$$EnhancerBySpringCGLIB$$d5abb78d@5fe24872, org.springframework.security.web.authentication.UsernamePasswordAuthenticationFilter@43b34cf5, cn.zwz.basics.security.jwt.JwtRoleFilter@65cf7dd2, org.springframework.security.web.savedrequest.RequestCacheAwareFilter@31cc9f8, org.springframework.security.web.servletapi.SecurityContextHolderAwareRequestFilter@5de81cc0, org.springframework.security.web.authentication.AnonymousAuthenticationFilter@20cd706f, org.springframework.security.web.session.SessionManagementFilter@20365a4a, org.springframework.security.web.access.ExceptionTranslationFilter@32c32483, cn.zwz.basics.security.permission.MyFilterSecurityInterceptor@16f1eac5, org.springframework.security.web.access.intercept.FilterSecurityInterceptor@52cb621d]
2025-04-01 11:53:34.584  INFO 18272 --- [restartedMain] o.s.b.d.a.OptionalLiveReloadServer       : LiveReload server is running on port 35729
2025-04-01 11:53:34.734  INFO 18272 --- [restartedMain] o.s.i.endpoint.EventDrivenConsumer       : Adding {logging-channel-adapter:_org.springframework.integration.errorLogger} as a subscriber to the 'errorChannel' channel
2025-04-01 11:53:34.734  INFO 18272 --- [restartedMain] o.s.i.channel.PublishSubscribeChannel    : Channel 'application.errorChannel' has 1 subscriber(s).
2025-04-01 11:53:34.734  INFO 18272 --- [restartedMain] o.s.i.endpoint.EventDrivenConsumer       : started bean '_org.springframework.integration.errorLogger'
2025-04-01 11:53:34.747  INFO 18272 --- [restartedMain] o.s.b.w.embedded.tomcat.TomcatWebServer  : Tomcat started on port(s): 8081 (http) with context path ''
2025-04-01 11:53:34.749  INFO 18272 --- [restartedMain] u.j.c.RefreshScopeRefreshedEventListener : Refreshing cached encryptable property sources on ServletWebServerInitializedEvent
2025-04-01 11:53:34.749  INFO 18272 --- [restartedMain] CachingDelegateEncryptablePropertySource : Property Source systemProperties refreshed
2025-04-01 11:53:34.749  INFO 18272 --- [restartedMain] CachingDelegateEncryptablePropertySource : Property Source systemEnvironment refreshed
2025-04-01 11:53:34.749  INFO 18272 --- [restartedMain] CachingDelegateEncryptablePropertySource : Property Source random refreshed
2025-04-01 11:53:34.749  INFO 18272 --- [restartedMain] CachingDelegateEncryptablePropertySource : Property Source Config resource 'class path resource [application.yml]' via location 'optional:classpath:/' refreshed
2025-04-01 11:53:34.749  INFO 18272 --- [restartedMain] CachingDelegateEncryptablePropertySource : Property Source devtools refreshed
2025-04-01 11:53:34.750  INFO 18272 --- [restartedMain] c.u.j.EncryptablePropertySourceConverter : Converting PropertySource server.ports [org.springframework.core.env.MapPropertySource] to EncryptableMapPropertySourceWrapper
2025-04-01 11:53:34.750  INFO 18272 --- [restartedMain] c.u.j.EncryptablePropertySourceConverter : Skipping PropertySource configurationProperties [class org.springframework.boot.context.properties.source.ConfigurationPropertySourcesPropertySource
2025-04-01 11:53:34.750  INFO 18272 --- [restartedMain] c.u.j.EncryptablePropertySourceConverter : Skipping PropertySource servletConfigInitParams [class org.springframework.core.env.PropertySource$StubPropertySource
2025-04-01 11:53:34.750  INFO 18272 --- [restartedMain] c.u.j.EncryptablePropertySourceConverter : Converting PropertySource servletContextInitParams [org.springframework.web.context.support.ServletContextPropertySource] to EncryptableEnumerablePropertySourceWrapper
2025-04-01 11:53:34.750  INFO 18272 --- [restartedMain] c.u.j.EncryptablePropertySourceConverter : Converting PropertySource Management Server [org.springframework.boot.actuate.autoconfigure.web.server.ManagementContextAutoConfiguration$SameManagementContextConfiguration$1] to EncryptablePropertySourceWrapper
2025-04-01 11:53:34.764  INFO 18272 --- [restartedMain] cn.zwz.ZwzApplication                    : Started ZwzApplication in 8.461 seconds (JVM running for 8.953)
2025-04-01 11:53:38.847  INFO 18272 --- [http-nio-8081-exec-1] o.a.c.c.C.[Tomcat].[localhost].[/]       : Initializing Spring DispatcherServlet 'dispatcherServlet'
2025-04-01 11:53:38.849  INFO 18272 --- [http-nio-8081-exec-1] o.s.web.servlet.DispatcherServlet        : Initializing Servlet 'dispatcherServlet'
2025-04-01 11:53:38.851  INFO 18272 --- [http-nio-8081-exec-1] o.s.web.servlet.DispatcherServlet        : Completed initialization in 2 ms
2025-04-01 13:22:53.842  INFO 10672 --- [restartedMain] cn.zwz.ZwzApplication                    : Starting ZwzApplication using Java 1.8.0_231 on qiuqiu with PID 10672 (D:\graduateSys\registration\back\target\classes started by 86166 in D:\graduateSys\registration\back)
2025-04-01 13:22:53.844  INFO 10672 --- [restartedMain] cn.zwz.ZwzApplication                    : No active profile set, falling back to 1 default profile: "default"
2025-04-01 13:22:53.887  INFO 10672 --- [restartedMain] .e.DevToolsPropertyDefaultsPostProcessor : Devtools property defaults active! Set 'spring.devtools.add-properties' to 'false' to disable
2025-04-01 13:22:53.887  INFO 10672 --- [restartedMain] .e.DevToolsPropertyDefaultsPostProcessor : For additional web related logging consider setting the 'logging.level.web' property to 'DEBUG'
2025-04-01 13:22:54.680  INFO 10672 --- [restartedMain] .s.d.r.c.RepositoryConfigurationDelegate : Multiple Spring Data modules found, entering strict repository configuration mode
2025-04-01 13:22:54.680  INFO 10672 --- [restartedMain] .s.d.r.c.RepositoryConfigurationDelegate : Bootstrapping Spring Data JPA repositories in DEFAULT mode.
2025-04-01 13:22:54.758  INFO 10672 --- [restartedMain] .s.d.r.c.RepositoryConfigurationDelegate : Finished Spring Data repository scanning in 80 ms. Found 1 JPA repository interfaces.
2025-04-01 13:22:54.774  INFO 10672 --- [restartedMain] .s.d.r.c.RepositoryConfigurationDelegate : Multiple Spring Data modules found, entering strict repository configuration mode
2025-04-01 13:22:54.774  INFO 10672 --- [restartedMain] .s.d.r.c.RepositoryConfigurationDelegate : Bootstrapping Spring Data Redis repositories in DEFAULT mode.
2025-04-01 13:22:54.790  INFO 10672 --- [restartedMain] .RepositoryConfigurationExtensionSupport : Spring Data Redis - Could not safely identify store assignment for repository candidate interface cn.zwz.data.dao.LogDao; If you want this repository to be a Redis repository, consider annotating your entities with one of these annotations: org.springframework.data.redis.core.RedisHash (preferred), or consider extending one of the following types with your repository: org.springframework.data.keyvalue.repository.KeyValueRepository
2025-04-01 13:22:54.790  INFO 10672 --- [restartedMain] .s.d.r.c.RepositoryConfigurationDelegate : Finished Spring Data repository scanning in 15 ms. Found 0 Redis repository interfaces.
2025-04-01 13:22:54.901  INFO 10672 --- [restartedMain] faultConfiguringBeanFactoryPostProcessor : No bean named 'errorChannel' has been explicitly defined. Therefore, a default PublishSubscribeChannel will be created.
2025-04-01 13:22:54.917  INFO 10672 --- [restartedMain] faultConfiguringBeanFactoryPostProcessor : No bean named 'integrationHeaderChannelRegistry' has been explicitly defined. Therefore, a default DefaultHeaderChannelRegistry will be created.
2025-04-01 13:22:55.042  INFO 10672 --- [restartedMain] ptablePropertiesBeanFactoryPostProcessor : Post-processing PropertySource instances
2025-04-01 13:22:55.042  INFO 10672 --- [restartedMain] c.u.j.EncryptablePropertySourceConverter : Skipping PropertySource configurationProperties [class org.springframework.boot.context.properties.source.ConfigurationPropertySourcesPropertySource
2025-04-01 13:22:55.042  INFO 10672 --- [restartedMain] c.u.j.EncryptablePropertySourceConverter : Skipping PropertySource servletConfigInitParams [class org.springframework.core.env.PropertySource$StubPropertySource
2025-04-01 13:22:55.042  INFO 10672 --- [restartedMain] c.u.j.EncryptablePropertySourceConverter : Skipping PropertySource servletContextInitParams [class org.springframework.core.env.PropertySource$StubPropertySource
2025-04-01 13:22:55.042  INFO 10672 --- [restartedMain] c.u.j.EncryptablePropertySourceConverter : Converting PropertySource systemProperties [org.springframework.core.env.PropertiesPropertySource] to EncryptableMapPropertySourceWrapper
2025-04-01 13:22:55.053  INFO 10672 --- [restartedMain] c.u.j.EncryptablePropertySourceConverter : Converting PropertySource systemEnvironment [org.springframework.boot.env.SystemEnvironmentPropertySourceEnvironmentPostProcessor$OriginAwareSystemEnvironmentPropertySource] to EncryptableSystemEnvironmentPropertySourceWrapper
2025-04-01 13:22:55.053  INFO 10672 --- [restartedMain] c.u.j.EncryptablePropertySourceConverter : Converting PropertySource random [org.springframework.boot.env.RandomValuePropertySource] to EncryptablePropertySourceWrapper
2025-04-01 13:22:55.053  INFO 10672 --- [restartedMain] c.u.j.EncryptablePropertySourceConverter : Converting PropertySource Config resource 'class path resource [application.yml]' via location 'optional:classpath:/' [org.springframework.boot.env.OriginTrackedMapPropertySource] to EncryptableMapPropertySourceWrapper
2025-04-01 13:22:55.053  INFO 10672 --- [restartedMain] c.u.j.EncryptablePropertySourceConverter : Converting PropertySource devtools [org.springframework.core.env.MapPropertySource] to EncryptableMapPropertySourceWrapper
2025-04-01 13:22:55.201  INFO 10672 --- [restartedMain] trationDelegate$BeanPostProcessorChecker : Bean 'redisExceptionThrowsConfig' of type [cn.zwz.basics.redis.RedisExceptionThrowsConfig$$EnhancerBySpringCGLIB$$728520ba] is not eligible for getting processed by all BeanPostProcessors (for example: not eligible for auto-proxying)
2025-04-01 13:22:55.231  INFO 10672 --- [restartedMain] trationDelegate$BeanPostProcessorChecker : Bean 'org.springframework.integration.config.IntegrationManagementConfiguration' of type [org.springframework.integration.config.IntegrationManagementConfiguration] is not eligible for getting processed by all BeanPostProcessors (for example: not eligible for auto-proxying)
2025-04-01 13:22:55.247  INFO 10672 --- [restartedMain] trationDelegate$BeanPostProcessorChecker : Bean 'integrationChannelResolver' of type [org.springframework.integration.support.channel.BeanFactoryChannelResolver] is not eligible for getting processed by all BeanPostProcessors (for example: not eligible for auto-proxying)
2025-04-01 13:22:55.317  INFO 10672 --- [restartedMain] c.u.j.filter.DefaultLazyPropertyFilter   : Property Filter custom Bean not found with name 'encryptablePropertyFilter'. Initializing Default Property Filter
2025-04-01 13:22:55.324  INFO 10672 --- [restartedMain] c.u.j.r.DefaultLazyPropertyResolver      : Property Resolver custom Bean not found with name 'encryptablePropertyResolver'. Initializing Default Property Resolver
2025-04-01 13:22:55.327  INFO 10672 --- [restartedMain] c.u.j.d.DefaultLazyPropertyDetector      : Property Detector custom Bean not found with name 'encryptablePropertyDetector'. Initializing Default Property Detector
2025-04-01 13:22:55.940  INFO 10672 --- [restartedMain] o.s.b.w.embedded.tomcat.TomcatWebServer  : Tomcat initialized with port(s): 8081 (http)
2025-04-01 13:22:55.947  INFO 10672 --- [restartedMain] o.apache.catalina.core.StandardService   : Starting service [Tomcat]
2025-04-01 13:22:55.948  INFO 10672 --- [restartedMain] org.apache.catalina.core.StandardEngine  : Starting Servlet engine: [Apache Tomcat/9.0.65]
2025-04-01 13:22:56.028  INFO 10672 --- [restartedMain] o.a.c.c.C.[Tomcat].[localhost].[/]       : Initializing Spring embedded WebApplicationContext
2025-04-01 13:22:56.029  INFO 10672 --- [restartedMain] w.s.c.ServletWebServerApplicationContext : Root WebApplicationContext: initialization completed in 2141 ms
2025-04-01 13:22:56.091  INFO 10672 --- [restartedMain] c.a.d.s.b.a.DruidDataSourceAutoConfigure : Init DruidDataSource
2025-04-01 13:22:56.205  INFO 10672 --- [restartedMain] com.alibaba.druid.pool.DruidDataSource   : {dataSource-1} inited
2025-04-01 13:22:56.605  INFO 10672 --- [restartedMain] org.redisson.Version                     : Redisson 3.17.6
2025-04-01 13:22:57.712  INFO 10672 --- [redisson-netty-2-6] o.r.c.pool.MasterPubSubConnectionPool    : 1 connections initialized for 127.0.0.1/127.0.0.1:6379
2025-04-01 13:22:57.745  INFO 10672 --- [redisson-netty-2-19] o.r.c.pool.MasterConnectionPool          : 24 connections initialized for 127.0.0.1/127.0.0.1:6379
2025-04-01 13:22:58.698  INFO 10672 --- [restartedMain] c.z.basics.baseClass.BeansConfiguration  : 初始化PathMatcher成功
2025-04-01 13:22:58.698  WARN 10672 --- [restartedMain] c.z.b.s.p.MyFilterSecurityInterceptor    : Could not validate configuration attributes as the SecurityMetadataSource did not return any attributes from getAllConfigAttributes()
2025-04-01 13:22:58.822  INFO 10672 --- [restartedMain] o.hibernate.jpa.internal.util.LogHelper  : HHH000204: Processing PersistenceUnitInfo [name: default]
2025-04-01 13:22:58.854  INFO 10672 --- [restartedMain] org.hibernate.Version                    : HHH000412: Hibernate ORM core version 5.6.10.Final
2025-04-01 13:22:58.964  INFO 10672 --- [restartedMain] o.hibernate.annotations.common.Version   : HCANN000001: Hibernate Commons Annotations {5.1.2.Final}
2025-04-01 13:22:59.296  INFO 10672 --- [restartedMain] org.hibernate.dialect.Dialect            : HHH000400: Using dialect: org.hibernate.dialect.MySQL8Dialect
2025-04-01 13:22:59.856  INFO 10672 --- [restartedMain] o.h.e.t.j.p.i.JtaPlatformInitiator       : HHH000490: Using JtaPlatform implementation: [org.hibernate.engine.transaction.jta.platform.internal.NoJtaPlatform]
2025-04-01 13:22:59.861  INFO 10672 --- [restartedMain] j.LocalContainerEntityManagerFactoryBean : Initialized JPA EntityManagerFactory for persistence unit 'default'
2025-04-01 13:23:00.202  WARN 10672 --- [restartedMain] JpaBaseConfiguration$JpaWebConfiguration : spring.jpa.open-in-view is enabled by default. Therefore, database queries may be performed during view rendering. Explicitly configure spring.jpa.open-in-view to disable this warning
2025-04-01 13:23:01.022  INFO 10672 --- [restartedMain] c.z.basics.baseClass.BeansConfiguration  : 初始化线程池成功
2025-04-01 13:23:01.212  INFO 10672 --- [restartedMain] c.z.basics.redis.InterceptConfiguration  : 拦截器加载成功
2025-04-01 13:23:01.760  INFO 10672 --- [restartedMain] o.s.b.a.e.web.EndpointLinksResolver      : Exposing 1 endpoint(s) beneath base path '/actuator'
2025-04-01 13:23:01.784  INFO 10672 --- [restartedMain] o.s.s.web.DefaultSecurityFilterChain     : Will secure any request with [org.springframework.security.web.session.DisableEncodeUrlFilter@6c23c196, org.springframework.security.web.context.request.async.WebAsyncManagerIntegrationFilter@6d283cf0, org.springframework.security.web.context.SecurityContextPersistenceFilter@a1d9870, org.springframework.security.web.header.HeaderWriterFilter@60f22267, org.springframework.web.filter.CorsFilter@64cb26a6, org.springframework.security.web.authentication.logout.LogoutFilter@2bff6349, cn.zwz.basics.security.validate.ImageValidateFilter$$EnhancerBySpringCGLIB$$90375d19@110804f0, org.springframework.security.web.authentication.UsernamePasswordAuthenticationFilter@33d7417c, cn.zwz.basics.security.jwt.JwtRoleFilter@51697604, org.springframework.security.web.savedrequest.RequestCacheAwareFilter@2cec2f32, org.springframework.security.web.servletapi.SecurityContextHolderAwareRequestFilter@4df171c5, org.springframework.security.web.authentication.AnonymousAuthenticationFilter@23b422ce, org.springframework.security.web.session.SessionManagementFilter@7a88e0c0, org.springframework.security.web.access.ExceptionTranslationFilter@2ecf91b8, cn.zwz.basics.security.permission.MyFilterSecurityInterceptor@56edab12, org.springframework.security.web.access.intercept.FilterSecurityInterceptor@1711135b]
2025-04-01 13:23:01.838  INFO 10672 --- [restartedMain] o.s.b.d.a.OptionalLiveReloadServer       : LiveReload server is running on port 35729
2025-04-01 13:23:01.996  INFO 10672 --- [restartedMain] o.s.i.endpoint.EventDrivenConsumer       : Adding {logging-channel-adapter:_org.springframework.integration.errorLogger} as a subscriber to the 'errorChannel' channel
2025-04-01 13:23:01.996  INFO 10672 --- [restartedMain] o.s.i.channel.PublishSubscribeChannel    : Channel 'application.errorChannel' has 1 subscriber(s).
2025-04-01 13:23:01.997  INFO 10672 --- [restartedMain] o.s.i.endpoint.EventDrivenConsumer       : started bean '_org.springframework.integration.errorLogger'
2025-04-01 13:23:02.007  INFO 10672 --- [restartedMain] o.s.b.w.embedded.tomcat.TomcatWebServer  : Tomcat started on port(s): 8081 (http) with context path ''
2025-04-01 13:23:02.008  INFO 10672 --- [restartedMain] u.j.c.RefreshScopeRefreshedEventListener : Refreshing cached encryptable property sources on ServletWebServerInitializedEvent
2025-04-01 13:23:02.008  INFO 10672 --- [restartedMain] CachingDelegateEncryptablePropertySource : Property Source systemProperties refreshed
2025-04-01 13:23:02.008  INFO 10672 --- [restartedMain] CachingDelegateEncryptablePropertySource : Property Source systemEnvironment refreshed
2025-04-01 13:23:02.008  INFO 10672 --- [restartedMain] CachingDelegateEncryptablePropertySource : Property Source random refreshed
2025-04-01 13:23:02.008  INFO 10672 --- [restartedMain] CachingDelegateEncryptablePropertySource : Property Source Config resource 'class path resource [application.yml]' via location 'optional:classpath:/' refreshed
2025-04-01 13:23:02.008  INFO 10672 --- [restartedMain] CachingDelegateEncryptablePropertySource : Property Source devtools refreshed
2025-04-01 13:23:02.010  INFO 10672 --- [restartedMain] c.u.j.EncryptablePropertySourceConverter : Converting PropertySource server.ports [org.springframework.core.env.MapPropertySource] to EncryptableMapPropertySourceWrapper
2025-04-01 13:23:02.010  INFO 10672 --- [restartedMain] c.u.j.EncryptablePropertySourceConverter : Skipping PropertySource configurationProperties [class org.springframework.boot.context.properties.source.ConfigurationPropertySourcesPropertySource
2025-04-01 13:23:02.010  INFO 10672 --- [restartedMain] c.u.j.EncryptablePropertySourceConverter : Skipping PropertySource servletConfigInitParams [class org.springframework.core.env.PropertySource$StubPropertySource
2025-04-01 13:23:02.010  INFO 10672 --- [restartedMain] c.u.j.EncryptablePropertySourceConverter : Converting PropertySource servletContextInitParams [org.springframework.web.context.support.ServletContextPropertySource] to EncryptableEnumerablePropertySourceWrapper
2025-04-01 13:23:02.010  INFO 10672 --- [restartedMain] c.u.j.EncryptablePropertySourceConverter : Converting PropertySource Management Server [org.springframework.boot.actuate.autoconfigure.web.server.ManagementContextAutoConfiguration$SameManagementContextConfiguration$1] to EncryptablePropertySourceWrapper
2025-04-01 13:23:02.024  INFO 10672 --- [restartedMain] cn.zwz.ZwzApplication                    : Started ZwzApplication in 8.452 seconds (JVM running for 8.933)
2025-04-01 13:34:35.183  INFO 10672 --- [http-nio-8081-exec-1] o.a.c.c.C.[Tomcat].[localhost].[/]       : Initializing Spring DispatcherServlet 'dispatcherServlet'
2025-04-01 13:34:35.184  INFO 10672 --- [http-nio-8081-exec-1] o.s.web.servlet.DispatcherServlet        : Initializing Servlet 'dispatcherServlet'
2025-04-01 13:34:35.185  INFO 10672 --- [http-nio-8081-exec-1] o.s.web.servlet.DispatcherServlet        : Completed initialization in 1 ms
2025-04-01 15:23:07.303  INFO 10860 --- [restartedMain] cn.zwz.ZwzApplication                    : Starting ZwzApplication using Java 1.8.0_231 on qiuqiu with PID 10860 (D:\graduateSys\registration\back\target\classes started by 86166 in D:\graduateSys\registration\back)
2025-04-01 15:23:07.304  INFO 10860 --- [restartedMain] cn.zwz.ZwzApplication                    : No active profile set, falling back to 1 default profile: "default"
2025-04-01 15:23:07.349  INFO 10860 --- [restartedMain] .e.DevToolsPropertyDefaultsPostProcessor : Devtools property defaults active! Set 'spring.devtools.add-properties' to 'false' to disable
2025-04-01 15:23:07.349  INFO 10860 --- [restartedMain] .e.DevToolsPropertyDefaultsPostProcessor : For additional web related logging consider setting the 'logging.level.web' property to 'DEBUG'
2025-04-01 15:23:08.142  INFO 10860 --- [restartedMain] .s.d.r.c.RepositoryConfigurationDelegate : Multiple Spring Data modules found, entering strict repository configuration mode
2025-04-01 15:23:08.142  INFO 10860 --- [restartedMain] .s.d.r.c.RepositoryConfigurationDelegate : Bootstrapping Spring Data JPA repositories in DEFAULT mode.
2025-04-01 15:23:08.229  INFO 10860 --- [restartedMain] .s.d.r.c.RepositoryConfigurationDelegate : Finished Spring Data repository scanning in 82 ms. Found 1 JPA repository interfaces.
2025-04-01 15:23:08.238  INFO 10860 --- [restartedMain] .s.d.r.c.RepositoryConfigurationDelegate : Multiple Spring Data modules found, entering strict repository configuration mode
2025-04-01 15:23:08.239  INFO 10860 --- [restartedMain] .s.d.r.c.RepositoryConfigurationDelegate : Bootstrapping Spring Data Redis repositories in DEFAULT mode.
2025-04-01 15:23:08.259  INFO 10860 --- [restartedMain] .RepositoryConfigurationExtensionSupport : Spring Data Redis - Could not safely identify store assignment for repository candidate interface cn.zwz.data.dao.LogDao; If you want this repository to be a Redis repository, consider annotating your entities with one of these annotations: org.springframework.data.redis.core.RedisHash (preferred), or consider extending one of the following types with your repository: org.springframework.data.keyvalue.repository.KeyValueRepository
2025-04-01 15:23:08.259  INFO 10860 --- [restartedMain] .s.d.r.c.RepositoryConfigurationDelegate : Finished Spring Data repository scanning in 15 ms. Found 0 Redis repository interfaces.
2025-04-01 15:23:08.379  INFO 10860 --- [restartedMain] faultConfiguringBeanFactoryPostProcessor : No bean named 'errorChannel' has been explicitly defined. Therefore, a default PublishSubscribeChannel will be created.
2025-04-01 15:23:08.387  INFO 10860 --- [restartedMain] faultConfiguringBeanFactoryPostProcessor : No bean named 'integrationHeaderChannelRegistry' has been explicitly defined. Therefore, a default DefaultHeaderChannelRegistry will be created.
2025-04-01 15:23:08.516  INFO 10860 --- [restartedMain] ptablePropertiesBeanFactoryPostProcessor : Post-processing PropertySource instances
2025-04-01 15:23:08.517  INFO 10860 --- [restartedMain] c.u.j.EncryptablePropertySourceConverter : Skipping PropertySource configurationProperties [class org.springframework.boot.context.properties.source.ConfigurationPropertySourcesPropertySource
2025-04-01 15:23:08.517  INFO 10860 --- [restartedMain] c.u.j.EncryptablePropertySourceConverter : Skipping PropertySource servletConfigInitParams [class org.springframework.core.env.PropertySource$StubPropertySource
2025-04-01 15:23:08.518  INFO 10860 --- [restartedMain] c.u.j.EncryptablePropertySourceConverter : Skipping PropertySource servletContextInitParams [class org.springframework.core.env.PropertySource$StubPropertySource
2025-04-01 15:23:08.519  INFO 10860 --- [restartedMain] c.u.j.EncryptablePropertySourceConverter : Converting PropertySource systemProperties [org.springframework.core.env.PropertiesPropertySource] to EncryptableMapPropertySourceWrapper
2025-04-01 15:23:08.519  INFO 10860 --- [restartedMain] c.u.j.EncryptablePropertySourceConverter : Converting PropertySource systemEnvironment [org.springframework.boot.env.SystemEnvironmentPropertySourceEnvironmentPostProcessor$OriginAwareSystemEnvironmentPropertySource] to EncryptableSystemEnvironmentPropertySourceWrapper
2025-04-01 15:23:08.520  INFO 10860 --- [restartedMain] c.u.j.EncryptablePropertySourceConverter : Converting PropertySource random [org.springframework.boot.env.RandomValuePropertySource] to EncryptablePropertySourceWrapper
2025-04-01 15:23:08.520  INFO 10860 --- [restartedMain] c.u.j.EncryptablePropertySourceConverter : Converting PropertySource Config resource 'class path resource [application.yml]' via location 'optional:classpath:/' [org.springframework.boot.env.OriginTrackedMapPropertySource] to EncryptableMapPropertySourceWrapper
2025-04-01 15:23:08.520  INFO 10860 --- [restartedMain] c.u.j.EncryptablePropertySourceConverter : Converting PropertySource devtools [org.springframework.core.env.MapPropertySource] to EncryptableMapPropertySourceWrapper
2025-04-01 15:23:08.669  INFO 10860 --- [restartedMain] trationDelegate$BeanPostProcessorChecker : Bean 'redisExceptionThrowsConfig' of type [cn.zwz.basics.redis.RedisExceptionThrowsConfig$$EnhancerBySpringCGLIB$$159041f9] is not eligible for getting processed by all BeanPostProcessors (for example: not eligible for auto-proxying)
2025-04-01 15:23:08.706  INFO 10860 --- [restartedMain] trationDelegate$BeanPostProcessorChecker : Bean 'org.springframework.integration.config.IntegrationManagementConfiguration' of type [org.springframework.integration.config.IntegrationManagementConfiguration] is not eligible for getting processed by all BeanPostProcessors (for example: not eligible for auto-proxying)
2025-04-01 15:23:08.713  INFO 10860 --- [restartedMain] trationDelegate$BeanPostProcessorChecker : Bean 'integrationChannelResolver' of type [org.springframework.integration.support.channel.BeanFactoryChannelResolver] is not eligible for getting processed by all BeanPostProcessors (for example: not eligible for auto-proxying)
2025-04-01 15:23:08.783  INFO 10860 --- [restartedMain] c.u.j.filter.DefaultLazyPropertyFilter   : Property Filter custom Bean not found with name 'encryptablePropertyFilter'. Initializing Default Property Filter
2025-04-01 15:23:08.791  INFO 10860 --- [restartedMain] c.u.j.r.DefaultLazyPropertyResolver      : Property Resolver custom Bean not found with name 'encryptablePropertyResolver'. Initializing Default Property Resolver
2025-04-01 15:23:08.792  INFO 10860 --- [restartedMain] c.u.j.d.DefaultLazyPropertyDetector      : Property Detector custom Bean not found with name 'encryptablePropertyDetector'. Initializing Default Property Detector
2025-04-01 15:23:09.409  INFO 10860 --- [restartedMain] o.s.b.w.embedded.tomcat.TomcatWebServer  : Tomcat initialized with port(s): 8081 (http)
2025-04-01 15:23:09.417  INFO 10860 --- [restartedMain] o.apache.catalina.core.StandardService   : Starting service [Tomcat]
2025-04-01 15:23:09.418  INFO 10860 --- [restartedMain] org.apache.catalina.core.StandardEngine  : Starting Servlet engine: [Apache Tomcat/9.0.65]
2025-04-01 15:23:09.497  INFO 10860 --- [restartedMain] o.a.c.c.C.[Tomcat].[localhost].[/]       : Initializing Spring embedded WebApplicationContext
2025-04-01 15:23:09.497  INFO 10860 --- [restartedMain] w.s.c.ServletWebServerApplicationContext : Root WebApplicationContext: initialization completed in 2147 ms
2025-04-01 15:23:09.561  INFO 10860 --- [restartedMain] c.a.d.s.b.a.DruidDataSourceAutoConfigure : Init DruidDataSource
2025-04-01 15:23:09.677  INFO 10860 --- [restartedMain] com.alibaba.druid.pool.DruidDataSource   : {dataSource-1} inited
2025-04-01 15:23:10.024  INFO 10860 --- [restartedMain] org.redisson.Version                     : Redisson 3.17.6
2025-04-01 15:23:11.122  INFO 10860 --- [redisson-netty-2-7] o.r.c.pool.MasterPubSubConnectionPool    : 1 connections initialized for 127.0.0.1/127.0.0.1:6379
2025-04-01 15:23:11.149  INFO 10860 --- [redisson-netty-2-19] o.r.c.pool.MasterConnectionPool          : 24 connections initialized for 127.0.0.1/127.0.0.1:6379
2025-04-01 15:23:12.072  INFO 10860 --- [restartedMain] c.z.basics.baseClass.BeansConfiguration  : 初始化PathMatcher成功
2025-04-01 15:23:12.076  WARN 10860 --- [restartedMain] c.z.b.s.p.MyFilterSecurityInterceptor    : Could not validate configuration attributes as the SecurityMetadataSource did not return any attributes from getAllConfigAttributes()
2025-04-01 15:23:12.203  INFO 10860 --- [restartedMain] o.hibernate.jpa.internal.util.LogHelper  : HHH000204: Processing PersistenceUnitInfo [name: default]
2025-04-01 15:23:12.235  INFO 10860 --- [restartedMain] org.hibernate.Version                    : HHH000412: Hibernate ORM core version 5.6.10.Final
2025-04-01 15:23:12.330  INFO 10860 --- [restartedMain] o.hibernate.annotations.common.Version   : HCANN000001: Hibernate Commons Annotations {5.1.2.Final}
2025-04-01 15:23:12.632  INFO 10860 --- [restartedMain] org.hibernate.dialect.Dialect            : HHH000400: Using dialect: org.hibernate.dialect.MySQL8Dialect
2025-04-01 15:23:13.204  INFO 10860 --- [restartedMain] o.h.e.t.j.p.i.JtaPlatformInitiator       : HHH000490: Using JtaPlatform implementation: [org.hibernate.engine.transaction.jta.platform.internal.NoJtaPlatform]
2025-04-01 15:23:13.212  INFO 10860 --- [restartedMain] j.LocalContainerEntityManagerFactoryBean : Initialized JPA EntityManagerFactory for persistence unit 'default'
2025-04-01 15:23:13.532  WARN 10860 --- [restartedMain] JpaBaseConfiguration$JpaWebConfiguration : spring.jpa.open-in-view is enabled by default. Therefore, database queries may be performed during view rendering. Explicitly configure spring.jpa.open-in-view to disable this warning
2025-04-01 15:23:14.158  INFO 10860 --- [restartedMain] c.z.basics.baseClass.BeansConfiguration  : 初始化线程池成功
2025-04-01 15:23:14.364  INFO 10860 --- [restartedMain] c.z.basics.redis.InterceptConfiguration  : 拦截器加载成功
2025-04-01 15:23:14.889  INFO 10860 --- [restartedMain] o.s.b.a.e.web.EndpointLinksResolver      : Exposing 1 endpoint(s) beneath base path '/actuator'
2025-04-01 15:23:14.914  INFO 10860 --- [restartedMain] o.s.s.web.DefaultSecurityFilterChain     : Will secure any request with [org.springframework.security.web.session.DisableEncodeUrlFilter@4777bac7, org.springframework.security.web.context.request.async.WebAsyncManagerIntegrationFilter@342b037f, org.springframework.security.web.context.SecurityContextPersistenceFilter@245ef638, org.springframework.security.web.header.HeaderWriterFilter@4d55e05d, org.springframework.web.filter.CorsFilter@693e16e5, org.springframework.security.web.authentication.logout.LogoutFilter@2d24fa7, cn.zwz.basics.security.validate.ImageValidateFilter$$EnhancerBySpringCGLIB$$33427e58@231a7ad4, org.springframework.security.web.authentication.UsernamePasswordAuthenticationFilter@5a30fe5, cn.zwz.basics.security.jwt.JwtRoleFilter@3e6965d0, org.springframework.security.web.savedrequest.RequestCacheAwareFilter@4d38f0ce, org.springframework.security.web.servletapi.SecurityContextHolderAwareRequestFilter@89f1781, org.springframework.security.web.authentication.AnonymousAuthenticationFilter@44b24158, org.springframework.security.web.session.SessionManagementFilter@7c9d5612, org.springframework.security.web.access.ExceptionTranslationFilter@7f006099, cn.zwz.basics.security.permission.MyFilterSecurityInterceptor@29caa79f, org.springframework.security.web.access.intercept.FilterSecurityInterceptor@4abdd3c3]
2025-04-01 15:23:14.971  INFO 10860 --- [restartedMain] o.s.b.d.a.OptionalLiveReloadServer       : LiveReload server is running on port 35729
2025-04-01 15:23:15.121  INFO 10860 --- [restartedMain] o.s.i.endpoint.EventDrivenConsumer       : Adding {logging-channel-adapter:_org.springframework.integration.errorLogger} as a subscriber to the 'errorChannel' channel
2025-04-01 15:23:15.121  INFO 10860 --- [restartedMain] o.s.i.channel.PublishSubscribeChannel    : Channel 'application.errorChannel' has 1 subscriber(s).
2025-04-01 15:23:15.121  INFO 10860 --- [restartedMain] o.s.i.endpoint.EventDrivenConsumer       : started bean '_org.springframework.integration.errorLogger'
2025-04-01 15:23:15.131  INFO 10860 --- [restartedMain] o.s.b.w.embedded.tomcat.TomcatWebServer  : Tomcat started on port(s): 8081 (http) with context path ''
2025-04-01 15:23:15.132  INFO 10860 --- [restartedMain] u.j.c.RefreshScopeRefreshedEventListener : Refreshing cached encryptable property sources on ServletWebServerInitializedEvent
2025-04-01 15:23:15.134  INFO 10860 --- [restartedMain] CachingDelegateEncryptablePropertySource : Property Source systemProperties refreshed
2025-04-01 15:23:15.134  INFO 10860 --- [restartedMain] CachingDelegateEncryptablePropertySource : Property Source systemEnvironment refreshed
2025-04-01 15:23:15.134  INFO 10860 --- [restartedMain] CachingDelegateEncryptablePropertySource : Property Source random refreshed
2025-04-01 15:23:15.134  INFO 10860 --- [restartedMain] CachingDelegateEncryptablePropertySource : Property Source Config resource 'class path resource [application.yml]' via location 'optional:classpath:/' refreshed
2025-04-01 15:23:15.134  INFO 10860 --- [restartedMain] CachingDelegateEncryptablePropertySource : Property Source devtools refreshed
2025-04-01 15:23:15.135  INFO 10860 --- [restartedMain] c.u.j.EncryptablePropertySourceConverter : Converting PropertySource server.ports [org.springframework.core.env.MapPropertySource] to EncryptableMapPropertySourceWrapper
2025-04-01 15:23:15.135  INFO 10860 --- [restartedMain] c.u.j.EncryptablePropertySourceConverter : Skipping PropertySource configurationProperties [class org.springframework.boot.context.properties.source.ConfigurationPropertySourcesPropertySource
2025-04-01 15:23:15.135  INFO 10860 --- [restartedMain] c.u.j.EncryptablePropertySourceConverter : Skipping PropertySource servletConfigInitParams [class org.springframework.core.env.PropertySource$StubPropertySource
2025-04-01 15:23:15.135  INFO 10860 --- [restartedMain] c.u.j.EncryptablePropertySourceConverter : Converting PropertySource servletContextInitParams [org.springframework.web.context.support.ServletContextPropertySource] to EncryptableEnumerablePropertySourceWrapper
2025-04-01 15:23:15.135  INFO 10860 --- [restartedMain] c.u.j.EncryptablePropertySourceConverter : Converting PropertySource Management Server [org.springframework.boot.actuate.autoconfigure.web.server.ManagementContextAutoConfiguration$SameManagementContextConfiguration$1] to EncryptablePropertySourceWrapper
2025-04-01 15:23:15.149  INFO 10860 --- [restartedMain] cn.zwz.ZwzApplication                    : Started ZwzApplication in 8.121 seconds (JVM running for 8.598)
2025-04-01 15:23:36.506  INFO 10860 --- [http-nio-8081-exec-1] o.a.c.c.C.[Tomcat].[localhost].[/]       : Initializing Spring DispatcherServlet 'dispatcherServlet'
2025-04-01 15:23:36.507  INFO 10860 --- [http-nio-8081-exec-1] o.s.web.servlet.DispatcherServlet        : Initializing Servlet 'dispatcherServlet'
2025-04-01 15:23:36.508  INFO 10860 --- [http-nio-8081-exec-1] o.s.web.servlet.DispatcherServlet        : Completed initialization in 1 ms
2025-04-01 15:39:46.599  INFO 18596 --- [restartedMain] cn.zwz.ZwzApplication                    : Starting ZwzApplication using Java 1.8.0_231 on qiuqiu with PID 18596 (D:\graduateSys\registration\back\target\classes started by 86166 in D:\graduateSys\registration\back)
2025-04-01 15:39:46.600  INFO 18596 --- [restartedMain] cn.zwz.ZwzApplication                    : No active profile set, falling back to 1 default profile: "default"
2025-04-01 15:39:46.642  INFO 18596 --- [restartedMain] .e.DevToolsPropertyDefaultsPostProcessor : Devtools property defaults active! Set 'spring.devtools.add-properties' to 'false' to disable
2025-04-01 15:39:46.643  INFO 18596 --- [restartedMain] .e.DevToolsPropertyDefaultsPostProcessor : For additional web related logging consider setting the 'logging.level.web' property to 'DEBUG'
2025-04-01 15:39:47.434  INFO 18596 --- [restartedMain] .s.d.r.c.RepositoryConfigurationDelegate : Multiple Spring Data modules found, entering strict repository configuration mode
2025-04-01 15:39:47.434  INFO 18596 --- [restartedMain] .s.d.r.c.RepositoryConfigurationDelegate : Bootstrapping Spring Data JPA repositories in DEFAULT mode.
2025-04-01 15:39:47.526  INFO 18596 --- [restartedMain] .s.d.r.c.RepositoryConfigurationDelegate : Finished Spring Data repository scanning in 82 ms. Found 1 JPA repository interfaces.
2025-04-01 15:39:47.533  INFO 18596 --- [restartedMain] .s.d.r.c.RepositoryConfigurationDelegate : Multiple Spring Data modules found, entering strict repository configuration mode
2025-04-01 15:39:47.534  INFO 18596 --- [restartedMain] .s.d.r.c.RepositoryConfigurationDelegate : Bootstrapping Spring Data Redis repositories in DEFAULT mode.
2025-04-01 15:39:47.555  INFO 18596 --- [restartedMain] .RepositoryConfigurationExtensionSupport : Spring Data Redis - Could not safely identify store assignment for repository candidate interface cn.zwz.data.dao.LogDao; If you want this repository to be a Redis repository, consider annotating your entities with one of these annotations: org.springframework.data.redis.core.RedisHash (preferred), or consider extending one of the following types with your repository: org.springframework.data.keyvalue.repository.KeyValueRepository
2025-04-01 15:39:47.555  INFO 18596 --- [restartedMain] .s.d.r.c.RepositoryConfigurationDelegate : Finished Spring Data repository scanning in 15 ms. Found 0 Redis repository interfaces.
2025-04-01 15:39:47.675  INFO 18596 --- [restartedMain] faultConfiguringBeanFactoryPostProcessor : No bean named 'errorChannel' has been explicitly defined. Therefore, a default PublishSubscribeChannel will be created.
2025-04-01 15:39:47.678  INFO 18596 --- [restartedMain] faultConfiguringBeanFactoryPostProcessor : No bean named 'integrationHeaderChannelRegistry' has been explicitly defined. Therefore, a default DefaultHeaderChannelRegistry will be created.
2025-04-01 15:39:47.807  INFO 18596 --- [restartedMain] ptablePropertiesBeanFactoryPostProcessor : Post-processing PropertySource instances
2025-04-01 15:39:47.807  INFO 18596 --- [restartedMain] c.u.j.EncryptablePropertySourceConverter : Skipping PropertySource configurationProperties [class org.springframework.boot.context.properties.source.ConfigurationPropertySourcesPropertySource
2025-04-01 15:39:47.807  INFO 18596 --- [restartedMain] c.u.j.EncryptablePropertySourceConverter : Skipping PropertySource servletConfigInitParams [class org.springframework.core.env.PropertySource$StubPropertySource
2025-04-01 15:39:47.807  INFO 18596 --- [restartedMain] c.u.j.EncryptablePropertySourceConverter : Skipping PropertySource servletContextInitParams [class org.springframework.core.env.PropertySource$StubPropertySource
2025-04-01 15:39:47.813  INFO 18596 --- [restartedMain] c.u.j.EncryptablePropertySourceConverter : Converting PropertySource systemProperties [org.springframework.core.env.PropertiesPropertySource] to EncryptableMapPropertySourceWrapper
2025-04-01 15:39:47.813  INFO 18596 --- [restartedMain] c.u.j.EncryptablePropertySourceConverter : Converting PropertySource systemEnvironment [org.springframework.boot.env.SystemEnvironmentPropertySourceEnvironmentPostProcessor$OriginAwareSystemEnvironmentPropertySource] to EncryptableSystemEnvironmentPropertySourceWrapper
2025-04-01 15:39:47.813  INFO 18596 --- [restartedMain] c.u.j.EncryptablePropertySourceConverter : Converting PropertySource random [org.springframework.boot.env.RandomValuePropertySource] to EncryptablePropertySourceWrapper
2025-04-01 15:39:47.813  INFO 18596 --- [restartedMain] c.u.j.EncryptablePropertySourceConverter : Converting PropertySource Config resource 'class path resource [application.yml]' via location 'optional:classpath:/' [org.springframework.boot.env.OriginTrackedMapPropertySource] to EncryptableMapPropertySourceWrapper
2025-04-01 15:39:47.813  INFO 18596 --- [restartedMain] c.u.j.EncryptablePropertySourceConverter : Converting PropertySource devtools [org.springframework.core.env.MapPropertySource] to EncryptableMapPropertySourceWrapper
2025-04-01 15:39:47.954  INFO 18596 --- [restartedMain] trationDelegate$BeanPostProcessorChecker : Bean 'redisExceptionThrowsConfig' of type [cn.zwz.basics.redis.RedisExceptionThrowsConfig$$EnhancerBySpringCGLIB$$159041f9] is not eligible for getting processed by all BeanPostProcessors (for example: not eligible for auto-proxying)
2025-04-01 15:39:47.997  INFO 18596 --- [restartedMain] trationDelegate$BeanPostProcessorChecker : Bean 'org.springframework.integration.config.IntegrationManagementConfiguration' of type [org.springframework.integration.config.IntegrationManagementConfiguration] is not eligible for getting processed by all BeanPostProcessors (for example: not eligible for auto-proxying)
2025-04-01 15:39:47.997  INFO 18596 --- [restartedMain] trationDelegate$BeanPostProcessorChecker : Bean 'integrationChannelResolver' of type [org.springframework.integration.support.channel.BeanFactoryChannelResolver] is not eligible for getting processed by all BeanPostProcessors (for example: not eligible for auto-proxying)
2025-04-01 15:39:48.075  INFO 18596 --- [restartedMain] c.u.j.filter.DefaultLazyPropertyFilter   : Property Filter custom Bean not found with name 'encryptablePropertyFilter'. Initializing Default Property Filter
2025-04-01 15:39:48.079  INFO 18596 --- [restartedMain] c.u.j.r.DefaultLazyPropertyResolver      : Property Resolver custom Bean not found with name 'encryptablePropertyResolver'. Initializing Default Property Resolver
2025-04-01 15:39:48.079  INFO 18596 --- [restartedMain] c.u.j.d.DefaultLazyPropertyDetector      : Property Detector custom Bean not found with name 'encryptablePropertyDetector'. Initializing Default Property Detector
2025-04-01 15:39:48.704  INFO 18596 --- [restartedMain] o.s.b.w.embedded.tomcat.TomcatWebServer  : Tomcat initialized with port(s): 8081 (http)
2025-04-01 15:39:48.710  INFO 18596 --- [restartedMain] o.apache.catalina.core.StandardService   : Starting service [Tomcat]
2025-04-01 15:39:48.714  INFO 18596 --- [restartedMain] org.apache.catalina.core.StandardEngine  : Starting Servlet engine: [Apache Tomcat/9.0.65]
2025-04-01 15:39:48.791  INFO 18596 --- [restartedMain] o.a.c.c.C.[Tomcat].[localhost].[/]       : Initializing Spring embedded WebApplicationContext
2025-04-01 15:39:48.791  INFO 18596 --- [restartedMain] w.s.c.ServletWebServerApplicationContext : Root WebApplicationContext: initialization completed in 2148 ms
2025-04-01 15:39:48.855  INFO 18596 --- [restartedMain] c.a.d.s.b.a.DruidDataSourceAutoConfigure : Init DruidDataSource
2025-04-01 15:39:48.967  INFO 18596 --- [restartedMain] com.alibaba.druid.pool.DruidDataSource   : {dataSource-1} inited
2025-04-01 15:39:49.313  INFO 18596 --- [restartedMain] org.redisson.Version                     : Redisson 3.17.6
2025-04-01 15:39:50.405  INFO 18596 --- [redisson-netty-2-6] o.r.c.pool.MasterPubSubConnectionPool    : 1 connections initialized for 127.0.0.1/127.0.0.1:6379
2025-04-01 15:39:50.435  INFO 18596 --- [redisson-netty-2-19] o.r.c.pool.MasterConnectionPool          : 24 connections initialized for 127.0.0.1/127.0.0.1:6379
2025-04-01 15:39:51.352  INFO 18596 --- [restartedMain] c.z.basics.baseClass.BeansConfiguration  : 初始化PathMatcher成功
2025-04-01 15:39:51.355  WARN 18596 --- [restartedMain] c.z.b.s.p.MyFilterSecurityInterceptor    : Could not validate configuration attributes as the SecurityMetadataSource did not return any attributes from getAllConfigAttributes()
2025-04-01 15:39:51.485  INFO 18596 --- [restartedMain] o.hibernate.jpa.internal.util.LogHelper  : HHH000204: Processing PersistenceUnitInfo [name: default]
2025-04-01 15:39:51.515  INFO 18596 --- [restartedMain] org.hibernate.Version                    : HHH000412: Hibernate ORM core version 5.6.10.Final
2025-04-01 15:39:51.604  INFO 18596 --- [restartedMain] o.hibernate.annotations.common.Version   : HCANN000001: Hibernate Commons Annotations {5.1.2.Final}
2025-04-01 15:39:51.905  INFO 18596 --- [restartedMain] org.hibernate.dialect.Dialect            : HHH000400: Using dialect: org.hibernate.dialect.MySQL8Dialect
2025-04-01 15:39:52.450  INFO 18596 --- [restartedMain] o.h.e.t.j.p.i.JtaPlatformInitiator       : HHH000490: Using JtaPlatform implementation: [org.hibernate.engine.transaction.jta.platform.internal.NoJtaPlatform]
2025-04-01 15:39:52.458  INFO 18596 --- [restartedMain] j.LocalContainerEntityManagerFactoryBean : Initialized JPA EntityManagerFactory for persistence unit 'default'
2025-04-01 15:39:52.770  WARN 18596 --- [restartedMain] JpaBaseConfiguration$JpaWebConfiguration : spring.jpa.open-in-view is enabled by default. Therefore, database queries may be performed during view rendering. Explicitly configure spring.jpa.open-in-view to disable this warning
2025-04-01 15:39:53.390  INFO 18596 --- [restartedMain] c.z.basics.baseClass.BeansConfiguration  : 初始化线程池成功
2025-04-01 15:39:53.590  INFO 18596 --- [restartedMain] c.z.basics.redis.InterceptConfiguration  : 拦截器加载成功
2025-04-01 15:39:54.126  INFO 18596 --- [restartedMain] o.s.b.a.e.web.EndpointLinksResolver      : Exposing 1 endpoint(s) beneath base path '/actuator'
2025-04-01 15:39:54.149  INFO 18596 --- [restartedMain] o.s.s.web.DefaultSecurityFilterChain     : Will secure any request with [org.springframework.security.web.session.DisableEncodeUrlFilter@4777bac7, org.springframework.security.web.context.request.async.WebAsyncManagerIntegrationFilter@342b037f, org.springframework.security.web.context.SecurityContextPersistenceFilter@245ef638, org.springframework.security.web.header.HeaderWriterFilter@4d55e05d, org.springframework.web.filter.CorsFilter@693e16e5, org.springframework.security.web.authentication.logout.LogoutFilter@2d24fa7, cn.zwz.basics.security.validate.ImageValidateFilter$$EnhancerBySpringCGLIB$$33427e58@29caa79f, org.springframework.security.web.authentication.UsernamePasswordAuthenticationFilter@5a30fe5, cn.zwz.basics.security.jwt.JwtRoleFilter@3e6965d0, org.springframework.security.web.savedrequest.RequestCacheAwareFilter@4d38f0ce, org.springframework.security.web.servletapi.SecurityContextHolderAwareRequestFilter@89f1781, org.springframework.security.web.authentication.AnonymousAuthenticationFilter@44b24158, org.springframework.security.web.session.SessionManagementFilter@7c9d5612, org.springframework.security.web.access.ExceptionTranslationFilter@7f006099, cn.zwz.basics.security.permission.MyFilterSecurityInterceptor@b0e3bd4, org.springframework.security.web.access.intercept.FilterSecurityInterceptor@4abdd3c3]
2025-04-01 15:39:54.200  INFO 18596 --- [restartedMain] o.s.b.d.a.OptionalLiveReloadServer       : LiveReload server is running on port 35729
2025-04-01 15:39:54.344  INFO 18596 --- [restartedMain] o.s.i.endpoint.EventDrivenConsumer       : Adding {logging-channel-adapter:_org.springframework.integration.errorLogger} as a subscriber to the 'errorChannel' channel
2025-04-01 15:39:54.344  INFO 18596 --- [restartedMain] o.s.i.channel.PublishSubscribeChannel    : Channel 'application.errorChannel' has 1 subscriber(s).
2025-04-01 15:39:54.344  INFO 18596 --- [restartedMain] o.s.i.endpoint.EventDrivenConsumer       : started bean '_org.springframework.integration.errorLogger'
2025-04-01 15:39:54.355  INFO 18596 --- [restartedMain] o.s.b.w.embedded.tomcat.TomcatWebServer  : Tomcat started on port(s): 8081 (http) with context path ''
2025-04-01 15:39:54.360  INFO 18596 --- [restartedMain] u.j.c.RefreshScopeRefreshedEventListener : Refreshing cached encryptable property sources on ServletWebServerInitializedEvent
2025-04-01 15:39:54.360  INFO 18596 --- [restartedMain] CachingDelegateEncryptablePropertySource : Property Source systemProperties refreshed
2025-04-01 15:39:54.360  INFO 18596 --- [restartedMain] CachingDelegateEncryptablePropertySource : Property Source systemEnvironment refreshed
2025-04-01 15:39:54.360  INFO 18596 --- [restartedMain] CachingDelegateEncryptablePropertySource : Property Source random refreshed
2025-04-01 15:39:54.360  INFO 18596 --- [restartedMain] CachingDelegateEncryptablePropertySource : Property Source Config resource 'class path resource [application.yml]' via location 'optional:classpath:/' refreshed
2025-04-01 15:39:54.360  INFO 18596 --- [restartedMain] CachingDelegateEncryptablePropertySource : Property Source devtools refreshed
2025-04-01 15:39:54.360  INFO 18596 --- [restartedMain] c.u.j.EncryptablePropertySourceConverter : Converting PropertySource server.ports [org.springframework.core.env.MapPropertySource] to EncryptableMapPropertySourceWrapper
2025-04-01 15:39:54.360  INFO 18596 --- [restartedMain] c.u.j.EncryptablePropertySourceConverter : Skipping PropertySource configurationProperties [class org.springframework.boot.context.properties.source.ConfigurationPropertySourcesPropertySource
2025-04-01 15:39:54.360  INFO 18596 --- [restartedMain] c.u.j.EncryptablePropertySourceConverter : Skipping PropertySource servletConfigInitParams [class org.springframework.core.env.PropertySource$StubPropertySource
2025-04-01 15:39:54.360  INFO 18596 --- [restartedMain] c.u.j.EncryptablePropertySourceConverter : Converting PropertySource servletContextInitParams [org.springframework.web.context.support.ServletContextPropertySource] to EncryptableEnumerablePropertySourceWrapper
2025-04-01 15:39:54.360  INFO 18596 --- [restartedMain] c.u.j.EncryptablePropertySourceConverter : Converting PropertySource Management Server [org.springframework.boot.actuate.autoconfigure.web.server.ManagementContextAutoConfiguration$SameManagementContextConfiguration$1] to EncryptablePropertySourceWrapper
2025-04-01 15:39:54.375  INFO 18596 --- [restartedMain] cn.zwz.ZwzApplication                    : Started ZwzApplication in 8.048 seconds (JVM running for 8.531)
2025-04-01 15:48:58.834  INFO 18596 --- [http-nio-8081-exec-3] o.a.c.c.C.[Tomcat].[localhost].[/]       : Initializing Spring DispatcherServlet 'dispatcherServlet'
2025-04-01 15:48:58.834  INFO 18596 --- [http-nio-8081-exec-3] o.s.web.servlet.DispatcherServlet        : Initializing Servlet 'dispatcherServlet'
2025-04-01 15:48:58.836  INFO 18596 --- [http-nio-8081-exec-3] o.s.web.servlet.DispatcherServlet        : Completed initialization in 2 ms
2025-04-01 15:49:33.580  WARN 18596 --- [http-nio-8081-exec-11] cn.zwz.basics.utils.IpInfoUtil           : 区县查询失败
2025-04-01 15:49:33.614  WARN 18596 --- [http-nio-8081-exec-13] cn.zwz.basics.utils.IpInfoUtil           : 区县查询失败
2025-04-01 15:49:36.656  WARN 18596 --- [http-nio-8081-exec-12] cn.zwz.basics.utils.IpInfoUtil           : 区县查询失败
